<?xml version="1.0" encoding="UTF-8"?>
<!-- Generated by org.testng.reporters.JUnitReportReporter -->
<testsuite hostname="DEVUDU" failures="0" tests="2" name="testNG.Annotations" time="0.024" errors="0" timestamp="2025-07-16T17:34:51 IST" skipped="0">
  <testcase classname="testNG.Annotations" name="search" time="0.022"/>
  <testcase classname="testNG.Annotations" name="Advancedsearch" time="0.002"/>
</testsuite> <!-- testNG.Annotations -->
