<?xml version="1.0" encoding="UTF-8"?>
<!-- Generated by org.testng.reporters.JUnitReportReporter -->
<testsuite hostname="DEVUDU" failures="0" tests="4" name="testNG.orangehrmtest" time="7.433" errors="0" timestamp="2025-07-16T16:45:02 IST" skipped="0">
  <testcase classname="testNG.orangehrmtest" name="openapp" time="4.061"/>
  <testcase classname="testNG.orangehrmtest" name="testlogo" time="3.031"/>
  <testcase classname="testNG.orangehrmtest" name="testlogin" time="0.177"/>
  <testcase classname="testNG.orangehrmtest" name="testlogout" time="0.164"/>
</testsuite> <!-- testNG.orangehrmtest -->
