<?xml version="1.0" encoding="UTF-8"?>
<!-- Generated by org.testng.reporters.JUnitReportReporter -->
<testsuite hostname="DEVUDU" failures="0" tests="3" name="testNG.test" time="0.002" errors="0" timestamp="2025-07-16T16:45:02 IST" skipped="0">
  <testcase classname="testNG.test" name="open" time="0.001"/>
  <testcase classname="testNG.test" name="login" time="0.000"/>
  <testcase classname="testNG.test" name="logout" time="0.001"/>
</testsuite> <!-- testNG.test -->
