<?xml version="1.0" encoding="UTF-8"?>
<!-- Generated by org.testng.reporters.JUnitReportReporter -->
<testsuite hostname="DEVUDU" failures="0" tests="1" name="testNG.HardAssertions" time="0.010" errors="0" timestamp="2025-07-17T15:38:19 IST" skipped="0">
  <testcase classname="testNG.HardAssertions" name="test" time="0.010"/>
</testsuite> <!-- testNG.HardAssertions -->
