<?xml version="1.0" encoding="UTF-8"?>
<!-- Generated by org.testng.reporters.JUnitReportReporter -->
<testsuite hostname="DEVUDU" failures="0" tests="2" name="testNG.Annatations.c3" time="0.011" errors="0" timestamp="2025-07-17T12:50:56 IST" skipped="0">
  <testcase classname="testNG.Annatations.c3" name="pqr" time="0.008"/>
  <testcase classname="testNG.Annatations.c3" name="pqr" time="0.003"/>
</testsuite> <!-- testNG.Annatations.c3 -->
