<?xml version="1.0" encoding="UTF-8"?>
<!-- Generated by org.testng.reporters.JUnitReportReporter -->
<testsuite hostname="DEVUDU" failures="0" tests="2" name="testNG.Annotations1" time="8.196" errors="0" timestamp="2025-07-16T18:36:25 IST" skipped="0">
  <testcase classname="testNG.Annotations1" name="search" time="0.476"/>
  <testcase classname="testNG.Annotations1" name="advancedsearch" time="7.720"/>
</testsuite> <!-- testNG.Annotations1 -->
