<?xml version="1.0" encoding="UTF-8"?>
<!-- Generated by org.testng.reporters.JUnitReportReporter -->
<testsuite hostname="DEVUDU" failures="0" tests="2" name="testNG.Allannatations" time="0.010" errors="0" timestamp="2025-07-17T14:25:56 IST" skipped="0">
  <testcase classname="testNG.Allannatations" name="t1" time="0.008"/>
  <testcase classname="testNG.Allannatations" name="t2" time="0.002"/>
</testsuite> <!-- testNG.Allannatations -->
