<?xml version="1.0" encoding="UTF-8"?>
<!-- Generated by org.testng.reporters.JUnitReportReporter -->
<testsuite hostname="DEVUDU" failures="0" tests="2" name="testNG.Annatations.c1" time="0.010" errors="0" timestamp="2025-07-17T12:50:56 IST" skipped="0">
  <testcase classname="testNG.Annatations.c1" name="abc" time="0.003"/>
  <testcase classname="testNG.Annatations.c1" name="abc" time="0.007"/>
</testsuite> <!-- testNG.Annatations.c1 -->
