<?xml version="1.0" encoding="UTF-8"?>
<!-- Generated by org.testng.reporters.JUnitReportReporter -->
<testsuite hostname="DEVUDU" failures="0" tests="3" name="groupinginTestNG.Signuptests" time="0.018" errors="0" timestamp="2025-07-18T11:36:05 IST" skipped="0">
  <testcase classname="groupinginTestNG.Signuptests" name="signupByEmail" time="0.011"/>
  <testcase classname="groupinginTestNG.Signuptests" name="signupByfacebook" time="0.002"/>
  <testcase classname="groupinginTestNG.Signuptests" name="signupBytwitter" time="0.005"/>
</testsuite> <!-- groupinginTestNG.Signuptests -->
