<?xml version="1.0" encoding="UTF-8"?>
<!-- Generated by org.testng.reporters.JUnitReportReporter -->
<testsuite hostname="DEVUDU" failures="0" tests="3" name="groupinginTestNG.loginTests" time="0.013" errors="0" timestamp="2025-07-17T18:16:07 IST" skipped="0">
  <testcase classname="groupinginTestNG.loginTests" name="loginByEmail" time="0.008"/>
  <testcase classname="groupinginTestNG.loginTests" name="loginByfacebook" time="0.002"/>
  <testcase classname="groupinginTestNG.loginTests" name="loginBytwitter" time="0.003"/>
</testsuite> <!-- groupinginTestNG.loginTests -->
